HTTP/1.1 202 Accepted
Server: gSOAP/2.8
Content-Type: text/xml; charset=utf-8
Content-Length: 0
Connection: close

POST / HTTP/1.1
Host: localhost:8001
User-Agent: gSOAP/2.8
Content-Type: application/soap+xml; charset=utf-8; action="http://schemas.xmlsoap.org/ws/2005/02/rm/CreateSequenceResponse"
Content-Length: 1354
Connection: close
SOAPAction: "http://schemas.xmlsoap.org/ws/2005/02/rm/CreateSequenceResponse"

<?xml version="1.0" encoding="UTF-8"?>
<SOAP-ENV:Envelope xmlns:SOAP-ENV="http://www.w3.org/2003/05/soap-envelope" xmlns:SOAP-ENC="http://www.w3.org/2003/05/soap-encoding" xmlns:xsi="http://www.w3.org/2001/XMLSchema-instance" xmlns:xsd="http://www.w3.org/2001/XMLSchema" xmlns:tempuri="http://tempuri.org/" xmlns:mssadh="http://Microsoft.Samples.DualHttp" xmlns:chan="http://schemas.microsoft.com/ws/2005/02/duplex" xmlns:wsa5="http://www.w3.org/2005/08/addressing" xmlns:netrm="http://schemas.microsoft.com/ws/2006/05/rm" xmlns:wsrm="http://schemas.xmlsoap.org/ws/2005/02/rm">
	<SOAP-ENV:Header>
		<wsa5:RelatesTo>urn:uuid:71f7f6c4-d245-4cf8-93e0-88f9f6984720</wsa5:RelatesTo>
		<wsa5:To SOAP-ENV:mustUnderstand="true">http://localhost:8001</wsa5:To>
		<wsa5:Action SOAP-ENV:mustUnderstand="true">http://schemas.xmlsoap.org/ws/2005/02/rm/CreateSequenceResponse</wsa5:Action>
		<chan:ChannelInstance wsa5:IsReferenceParameter="true">2</chan:ChannelInstance>
	</SOAP-ENV:Header>
	<SOAP-ENV:Body>
		<wsrm:CreateSequenceResponse>
			<wsrm:Identifier>urn:uuid:39350c4c-bda8-47a7-b7b6-c5d200000000</wsrm:Identifier>
			<wsrm:Expires>PT0H0M30S</wsrm:Expires>
			<wsrm:Accept>
				<wsrm:AcksTo>
					<wsa5:Address>http://localhost:8000</wsa5:Address>
				</wsrm:AcksTo>
			</wsrm:Accept>
		</wsrm:CreateSequenceResponse>
	</SOAP-ENV:Body>
</SOAP-ENV:Envelope>
HTTP/1.1 202 Accepted
Server: gSOAP/2.8
Content-Type: text/xml; charset=utf-8
Content-Length: 0
Connection: close

POST / HTTP/1.1
Host: localhost:8001
User-Agent: gSOAP/2.8
Content-Type: application/soap+xml; charset=utf-8; action="http://Microsoft.Samples.DualHttp/ICalculatorDuplex/Result"
Content-Length: 1616
Connection: close
SOAPAction: "http://Microsoft.Samples.DualHttp/ICalculatorDuplex/Result"

<?xml version="1.0" encoding="UTF-8"?>
<SOAP-ENV:Envelope xmlns:SOAP-ENV="http://www.w3.org/2003/05/soap-envelope" xmlns:SOAP-ENC="http://www.w3.org/2003/05/soap-encoding" xmlns:xsi="http://www.w3.org/2001/XMLSchema-instance" xmlns:xsd="http://www.w3.org/2001/XMLSchema" xmlns:tempuri="http://tempuri.org/" xmlns:mssadh="http://Microsoft.Samples.DualHttp" xmlns:chan="http://schemas.microsoft.com/ws/2005/02/duplex" xmlns:wsa5="http://www.w3.org/2005/08/addressing" xmlns:netrm="http://schemas.microsoft.com/ws/2006/05/rm" xmlns:wsrm="http://schemas.xmlsoap.org/ws/2005/02/rm">
	<SOAP-ENV:Header>
		<wsa5:MessageID>urn:uuid:89d08d6b-d798-4713-b7a0-ce8375aa9a7f</wsa5:MessageID>
		<wsa5:To SOAP-ENV:mustUnderstand="true">http://localhost:8001</wsa5:To>
		<wsa5:Action SOAP-ENV:mustUnderstand="true">http://Microsoft.Samples.DualHttp/ICalculatorDuplex/Result</wsa5:Action>
		<wsrm:Sequence>
			<wsrm:Identifier>urn:uuid:f43e04b5-4323-42e2-bf72-4576a014f062</wsrm:Identifier>
			<wsrm:MessageNumber>2</wsrm:MessageNumber>
		</wsrm:Sequence>
		<wsrm:AckRequested>
			<wsrm:Identifier>urn:uuid:f43e04b5-4323-42e2-bf72-4576a014f062</wsrm:Identifier>
		</wsrm:AckRequested>
		<wsrm:SequenceAcknowledgement>
			<wsrm:Identifier>urn:uuid:39350c4c-bda8-47a7-b7b6-c5d200000000</wsrm:Identifier>
			<wsrm:AcknowledgementRange Lower="1" Upper="1"></wsrm:AcknowledgementRange>
			<netrm:BufferRemaining>8</netrm:BufferRemaining>
		</wsrm:SequenceAcknowledgement>
	</SOAP-ENV:Header>
	<SOAP-ENV:Body>
		<mssadh:Result>
			<mssadh:result>3.1400000000000001</mssadh:result>
		</mssadh:Result>
	</SOAP-ENV:Body>
</SOAP-ENV:Envelope>
HTTP/1.1 202 Accepted
Server: gSOAP/2.8
Content-Type: text/xml; charset=utf-8
Content-Length: 0
Connection: close

POST / HTTP/1.1
Host: localhost:8001
User-Agent: gSOAP/2.8
Content-Type: application/soap+xml; charset=utf-8; action="http://Microsoft.Samples.DualHttp/ICalculatorDuplex/Result"
Content-Length: 1616
Connection: close
SOAPAction: "http://Microsoft.Samples.DualHttp/ICalculatorDuplex/Result"

<?xml version="1.0" encoding="UTF-8"?>
<SOAP-ENV:Envelope xmlns:SOAP-ENV="http://www.w3.org/2003/05/soap-envelope" xmlns:SOAP-ENC="http://www.w3.org/2003/05/soap-encoding" xmlns:xsi="http://www.w3.org/2001/XMLSchema-instance" xmlns:xsd="http://www.w3.org/2001/XMLSchema" xmlns:tempuri="http://tempuri.org/" xmlns:mssadh="http://Microsoft.Samples.DualHttp" xmlns:chan="http://schemas.microsoft.com/ws/2005/02/duplex" xmlns:wsa5="http://www.w3.org/2005/08/addressing" xmlns:netrm="http://schemas.microsoft.com/ws/2006/05/rm" xmlns:wsrm="http://schemas.xmlsoap.org/ws/2005/02/rm">
	<SOAP-ENV:Header>
		<wsa5:MessageID>urn:uuid:21d3b21e-d73d-4e12-ac17-30607b33ef55</wsa5:MessageID>
		<wsa5:To SOAP-ENV:mustUnderstand="true">http://localhost:8001</wsa5:To>
		<wsa5:Action SOAP-ENV:mustUnderstand="true">http://Microsoft.Samples.DualHttp/ICalculatorDuplex/Result</wsa5:Action>
		<wsrm:Sequence>
			<wsrm:Identifier>urn:uuid:f43e04b5-4323-42e2-bf72-4576a014f062</wsrm:Identifier>
			<wsrm:MessageNumber>1</wsrm:MessageNumber>
		</wsrm:Sequence>
		<wsrm:AckRequested>
			<wsrm:Identifier>urn:uuid:f43e04b5-4323-42e2-bf72-4576a014f062</wsrm:Identifier>
		</wsrm:AckRequested>
		<wsrm:SequenceAcknowledgement>
			<wsrm:Identifier>urn:uuid:39350c4c-bda8-47a7-b7b6-c5d200000000</wsrm:Identifier>
			<wsrm:AcknowledgementRange Lower="1" Upper="2"></wsrm:AcknowledgementRange>
			<netrm:BufferRemaining>8</netrm:BufferRemaining>
		</wsrm:SequenceAcknowledgement>
	</SOAP-ENV:Header>
	<SOAP-ENV:Body>
		<mssadh:Result>
			<mssadh:result>1.7300000000000002</mssadh:result>
		</mssadh:Result>
	</SOAP-ENV:Body>
</SOAP-ENV:Envelope>
HTTP/1.1 202 Accepted
Server: gSOAP/2.8
Content-Type: text/xml; charset=utf-8
Content-Length: 0
Connection: close

POST / HTTP/1.1
Host: localhost:8001
User-Agent: gSOAP/2.8
Content-Type: application/soap+xml; charset=utf-8; action="http://Microsoft.Samples.DualHttp/ICalculatorDuplex/Equation"
Content-Length: 1620
Connection: close
SOAPAction: "http://Microsoft.Samples.DualHttp/ICalculatorDuplex/Equation"

<?xml version="1.0" encoding="UTF-8"?>
<SOAP-ENV:Envelope xmlns:SOAP-ENV="http://www.w3.org/2003/05/soap-envelope" xmlns:SOAP-ENC="http://www.w3.org/2003/05/soap-encoding" xmlns:xsi="http://www.w3.org/2001/XMLSchema-instance" xmlns:xsd="http://www.w3.org/2001/XMLSchema" xmlns:tempuri="http://tempuri.org/" xmlns:mssadh="http://Microsoft.Samples.DualHttp" xmlns:chan="http://schemas.microsoft.com/ws/2005/02/duplex" xmlns:wsa5="http://www.w3.org/2005/08/addressing" xmlns:netrm="http://schemas.microsoft.com/ws/2006/05/rm" xmlns:wsrm="http://schemas.xmlsoap.org/ws/2005/02/rm">
	<SOAP-ENV:Header>
		<wsa5:MessageID>urn:uuid:e3010946-140e-4f33-8a5b-7f07b3421d5b</wsa5:MessageID>
		<wsa5:To SOAP-ENV:mustUnderstand="true">http://localhost:8001</wsa5:To>
		<wsa5:Action SOAP-ENV:mustUnderstand="true">http://Microsoft.Samples.DualHttp/ICalculatorDuplex/Equation</wsa5:Action>
		<wsrm:Sequence>
			<wsrm:Identifier>urn:uuid:f43e04b5-4323-42e2-bf72-4576a014f062</wsrm:Identifier>
			<wsrm:MessageNumber>3</wsrm:MessageNumber>
		</wsrm:Sequence>
		<wsrm:AckRequested>
			<wsrm:Identifier>urn:uuid:f43e04b5-4323-42e2-bf72-4576a014f062</wsrm:Identifier>
		</wsrm:AckRequested>
		<wsrm:SequenceAcknowledgement>
			<wsrm:Identifier>urn:uuid:39350c4c-bda8-47a7-b7b6-c5d200000000</wsrm:Identifier>
			<wsrm:AcknowledgementRange Lower="1" Upper="3"></wsrm:AcknowledgementRange>
			<netrm:BufferRemaining>8</netrm:BufferRemaining>
		</wsrm:SequenceAcknowledgement>
	</SOAP-ENV:Header>
	<SOAP-ENV:Body>
		<mssadh:Equation>
			<mssadh:eqn>0 + 3.14 - 1.41 = 1.73</mssadh:eqn>
		</mssadh:Equation>
	</SOAP-ENV:Body>
</SOAP-ENV:Envelope>
HTTP/1.1 202 Accepted
Server: gSOAP/2.8
Content-Type: text/xml; charset=utf-8
Content-Length: 0
Connection: close

POST / HTTP/1.1
Host: localhost:8001
User-Agent: gSOAP/2.8
Content-Type: application/soap+xml; charset=utf-8; action="http://schemas.xmlsoap.org/ws/2005/02/rm/LastMessage"
Content-Length: 1430
Connection: close
SOAPAction: "http://schemas.xmlsoap.org/ws/2005/02/rm/LastMessage"

<?xml version="1.0" encoding="UTF-8"?>
<SOAP-ENV:Envelope xmlns:SOAP-ENV="http://www.w3.org/2003/05/soap-envelope" xmlns:SOAP-ENC="http://www.w3.org/2003/05/soap-encoding" xmlns:xsi="http://www.w3.org/2001/XMLSchema-instance" xmlns:xsd="http://www.w3.org/2001/XMLSchema" xmlns:tempuri="http://tempuri.org/" xmlns:mssadh="http://Microsoft.Samples.DualHttp" xmlns:chan="http://schemas.microsoft.com/ws/2005/02/duplex" xmlns:wsa5="http://www.w3.org/2005/08/addressing" xmlns:netrm="http://schemas.microsoft.com/ws/2006/05/rm" xmlns:wsrm="http://schemas.xmlsoap.org/ws/2005/02/rm">
	<SOAP-ENV:Header>
		<wsa5:MessageID>urn:uuid:c2f32058-6ef2-49fd-aaf7-12685ce44220</wsa5:MessageID>
		<wsa5:To SOAP-ENV:mustUnderstand="true">http://localhost:8001</wsa5:To>
		<wsa5:Action SOAP-ENV:mustUnderstand="true">http://schemas.xmlsoap.org/ws/2005/02/rm/LastMessage</wsa5:Action>
		<wsrm:Sequence>
			<wsrm:Identifier>urn:uuid:f43e04b5-4323-42e2-bf72-4576a014f062</wsrm:Identifier>
			<wsrm:MessageNumber>4</wsrm:MessageNumber>
			<wsrm:LastMessage></wsrm:LastMessage>
		</wsrm:Sequence>
		<wsrm:SequenceAcknowledgement>
			<wsrm:Identifier>urn:uuid:39350c4c-bda8-47a7-b7b6-c5d200000000</wsrm:Identifier>
			<wsrm:AcknowledgementRange Lower="1" Upper="4"></wsrm:AcknowledgementRange>
			<netrm:BufferRemaining>8</netrm:BufferRemaining>
		</wsrm:SequenceAcknowledgement>
	</SOAP-ENV:Header>
	<SOAP-ENV:Body></SOAP-ENV:Body>
</SOAP-ENV:Envelope>
POST / HTTP/1.1
Host: localhost:8001
User-Agent: gSOAP/2.8
Content-Type: application/soap+xml; charset=utf-8; action="http://schemas.xmlsoap.org/ws/2005/02/rm/SequenceAcknowledgement"
Content-Length: 1293
Connection: close
SOAPAction: "http://schemas.xmlsoap.org/ws/2005/02/rm/SequenceAcknowledgement"

<?xml version="1.0" encoding="UTF-8"?>
<SOAP-ENV:Envelope xmlns:SOAP-ENV="http://www.w3.org/2003/05/soap-envelope" xmlns:SOAP-ENC="http://www.w3.org/2003/05/soap-encoding" xmlns:xsi="http://www.w3.org/2001/XMLSchema-instance" xmlns:xsd="http://www.w3.org/2001/XMLSchema" xmlns:tempuri="http://tempuri.org/" xmlns:mssadh="http://Microsoft.Samples.DualHttp" xmlns:chan="http://schemas.microsoft.com/ws/2005/02/duplex" xmlns:wsa5="http://www.w3.org/2005/08/addressing" xmlns:netrm="http://schemas.microsoft.com/ws/2006/05/rm" xmlns:wsrm="http://schemas.xmlsoap.org/ws/2005/02/rm">
	<SOAP-ENV:Header>
		<wsa5:FaultTo SOAP-ENV:mustUnderstand="true">
			<wsa5:Address>http://www.w3.org/2005/08/addressing/none</wsa5:Address>
		</wsa5:FaultTo>
		<wsa5:To SOAP-ENV:mustUnderstand="true">http://localhost:8001</wsa5:To>
		<wsa5:Action SOAP-ENV:mustUnderstand="true">http://schemas.xmlsoap.org/ws/2005/02/rm/SequenceAcknowledgement</wsa5:Action>
		<wsrm:SequenceAcknowledgement>
			<wsrm:Identifier>urn:uuid:39350c4c-bda8-47a7-b7b6-c5d200000000</wsrm:Identifier>
			<wsrm:AcknowledgementRange Lower="1" Upper="4"></wsrm:AcknowledgementRange>
			<netrm:BufferRemaining>8</netrm:BufferRemaining>
		</wsrm:SequenceAcknowledgement>
	</SOAP-ENV:Header>
	<SOAP-ENV:Body></SOAP-ENV:Body>
</SOAP-ENV:Envelope>
POST / HTTP/1.1
Host: localhost:8001
User-Agent: gSOAP/2.8
Content-Type: application/soap+xml; charset=utf-8; action="http://schemas.xmlsoap.org/ws/2005/02/rm/SequenceAcknowledgement"
Content-Length: 1293
Connection: close
SOAPAction: "http://schemas.xmlsoap.org/ws/2005/02/rm/SequenceAcknowledgement"

<?xml version="1.0" encoding="UTF-8"?>
<SOAP-ENV:Envelope xmlns:SOAP-ENV="http://www.w3.org/2003/05/soap-envelope" xmlns:SOAP-ENC="http://www.w3.org/2003/05/soap-encoding" xmlns:xsi="http://www.w3.org/2001/XMLSchema-instance" xmlns:xsd="http://www.w3.org/2001/XMLSchema" xmlns:tempuri="http://tempuri.org/" xmlns:mssadh="http://Microsoft.Samples.DualHttp" xmlns:chan="http://schemas.microsoft.com/ws/2005/02/duplex" xmlns:wsa5="http://www.w3.org/2005/08/addressing" xmlns:netrm="http://schemas.microsoft.com/ws/2006/05/rm" xmlns:wsrm="http://schemas.xmlsoap.org/ws/2005/02/rm">
	<SOAP-ENV:Header>
		<wsa5:FaultTo SOAP-ENV:mustUnderstand="true">
			<wsa5:Address>http://www.w3.org/2005/08/addressing/none</wsa5:Address>
		</wsa5:FaultTo>
		<wsa5:To SOAP-ENV:mustUnderstand="true">http://localhost:8001</wsa5:To>
		<wsa5:Action SOAP-ENV:mustUnderstand="true">http://schemas.xmlsoap.org/ws/2005/02/rm/SequenceAcknowledgement</wsa5:Action>
		<wsrm:SequenceAcknowledgement>
			<wsrm:Identifier>urn:uuid:39350c4c-bda8-47a7-b7b6-c5d200000000</wsrm:Identifier>
			<wsrm:AcknowledgementRange Lower="1" Upper="4"></wsrm:AcknowledgementRange>
			<netrm:BufferRemaining>8</netrm:BufferRemaining>
		</wsrm:SequenceAcknowledgement>
	</SOAP-ENV:Header>
	<SOAP-ENV:Body></SOAP-ENV:Body>
</SOAP-ENV:Envelope>
HTTP/1.1 202 Accepted
Server: gSOAP/2.8
Content-Type: text/xml; charset=utf-8
Content-Length: 0
Connection: close

POST / HTTP/1.1
Host: localhost:8001
User-Agent: gSOAP/2.8
Content-Type: application/soap+xml; charset=utf-8; action="http://schemas.xmlsoap.org/ws/2005/02/rm/TerminateSequence"
Content-Length: 1398
Connection: close
SOAPAction: "http://schemas.xmlsoap.org/ws/2005/02/rm/TerminateSequence"

<?xml version="1.0" encoding="UTF-8"?>
<SOAP-ENV:Envelope xmlns:SOAP-ENV="http://www.w3.org/2003/05/soap-envelope" xmlns:SOAP-ENC="http://www.w3.org/2003/05/soap-encoding" xmlns:xsi="http://www.w3.org/2001/XMLSchema-instance" xmlns:xsd="http://www.w3.org/2001/XMLSchema" xmlns:tempuri="http://tempuri.org/" xmlns:mssadh="http://Microsoft.Samples.DualHttp" xmlns:chan="http://schemas.microsoft.com/ws/2005/02/duplex" xmlns:wsa5="http://www.w3.org/2005/08/addressing" xmlns:netrm="http://schemas.microsoft.com/ws/2006/05/rm" xmlns:wsrm="http://schemas.xmlsoap.org/ws/2005/02/rm">
	<SOAP-ENV:Header>
		<wsa5:RelatesTo>urn:uuid:89a0106b-f980-4cc9-ada2-5b7db7a50e01</wsa5:RelatesTo>
		<wsa5:To SOAP-ENV:mustUnderstand="true">http://localhost:8001</wsa5:To>
		<wsa5:Action SOAP-ENV:mustUnderstand="true">http://schemas.xmlsoap.org/ws/2005/02/rm/TerminateSequence</wsa5:Action>
		<wsrm:SequenceAcknowledgement>
			<wsrm:Identifier>urn:uuid:39350c4c-bda8-47a7-b7b6-c5d200000000</wsrm:Identifier>
			<wsrm:Final></wsrm:Final>
			<wsrm:AcknowledgementRange Lower="1" Upper="4"></wsrm:AcknowledgementRange>
			<netrm:BufferRemaining>8</netrm:BufferRemaining>
		</wsrm:SequenceAcknowledgement>
	</SOAP-ENV:Header>
	<SOAP-ENV:Body>
		<wsrm:TerminateSequence>
			<wsrm:Identifier>urn:uuid:f43e04b5-4323-42e2-bf72-4576a014f062</wsrm:Identifier>
		</wsrm:TerminateSequence>
	</SOAP-ENV:Body>
</SOAP-ENV:Envelope>
