POST / HTTP/1.1
Host: localhost:8000
User-Agent: gSOAP/2.8
Content-Type: application/soap+xml; charset=utf-8; action="http://schemas.xmlsoap.org/ws/2005/02/rm/CreateSequence"
Content-Length: 1533
Connection: close
SOAPAction: "http://schemas.xmlsoap.org/ws/2005/02/rm/CreateSequence"

<?xml version="1.0" encoding="UTF-8"?>
<SOAP-ENV:Envelope xmlns:SOAP-ENV="http://www.w3.org/2003/05/soap-envelope" xmlns:SOAP-ENC="http://www.w3.org/2003/05/soap-encoding" xmlns:xsi="http://www.w3.org/2001/XMLSchema-instance" xmlns:xsd="http://www.w3.org/2001/XMLSchema" xmlns:tempuri="http://tempuri.org/" xmlns:mssadh="http://Microsoft.Samples.DualHttp" xmlns:chan="http://schemas.microsoft.com/ws/2005/02/duplex" xmlns:wsa5="http://www.w3.org/2005/08/addressing" xmlns:netrm="http://schemas.microsoft.com/ws/2006/05/rm" xmlns:wsrm="http://schemas.xmlsoap.org/ws/2005/02/rm">
	<SOAP-ENV:Header>
		<wsa5:MessageID>urn:uuid:71f7f6c4-d245-4cf8-93e0-88f9f6984720</wsa5:MessageID>
		<wsa5:ReplyTo SOAP-ENV:mustUnderstand="true">
			<wsa5:Address>http://localhost:8001</wsa5:Address>
			<wsa5:ReferenceParameters>
				<chan:ChannelInstance>2</chan:ChannelInstance>
			</wsa5:ReferenceParameters>
		</wsa5:ReplyTo>
		<wsa5:To SOAP-ENV:mustUnderstand="true">http://localhost:8000</wsa5:To>
		<wsa5:Action SOAP-ENV:mustUnderstand="true">http://schemas.xmlsoap.org/ws/2005/02/rm/CreateSequence</wsa5:Action>
	</SOAP-ENV:Header>
	<SOAP-ENV:Body>
		<wsrm:CreateSequence>
			<wsrm:AcksTo>
				<wsa5:Address>http://localhost:8001</wsa5:Address>
			</wsrm:AcksTo>
			<wsrm:Expires>PT0H0M30S</wsrm:Expires>
			<wsrm:Offer>
				<wsrm:Identifier>urn:uuid:f43e04b5-4323-42e2-bf72-4576a014f062</wsrm:Identifier>
				<wsrm:Endpoint>
					<wsa5:Address/></wsrm:Endpoint>
			</wsrm:Offer>
		</wsrm:CreateSequence>
	</SOAP-ENV:Body>
</SOAP-ENV:Envelope>
HTTP/1.1 202 Accepted
Server: gSOAP/2.8
Content-Type: text/xml; charset=utf-8
Content-Length: 0
Connection: close

POST / HTTP/1.1
Host: localhost:8000
User-Agent: gSOAP/2.8
Content-Type: application/soap+xml; charset=utf-8; action="http://Microsoft.Samples.DualHttp/ICalculatorDuplex/AddTo"
Content-Length: 1321
Connection: close
SOAPAction: "http://Microsoft.Samples.DualHttp/ICalculatorDuplex/AddTo"

<?xml version="1.0" encoding="UTF-8"?>
<SOAP-ENV:Envelope xmlns:SOAP-ENV="http://www.w3.org/2003/05/soap-envelope" xmlns:SOAP-ENC="http://www.w3.org/2003/05/soap-encoding" xmlns:xsi="http://www.w3.org/2001/XMLSchema-instance" xmlns:xsd="http://www.w3.org/2001/XMLSchema" xmlns:tempuri="http://tempuri.org/" xmlns:mssadh="http://Microsoft.Samples.DualHttp" xmlns:chan="http://schemas.microsoft.com/ws/2005/02/duplex" xmlns:wsa5="http://www.w3.org/2005/08/addressing" xmlns:netrm="http://schemas.microsoft.com/ws/2006/05/rm" xmlns:wsrm="http://schemas.xmlsoap.org/ws/2005/02/rm">
	<SOAP-ENV:Header>
		<wsa5:MessageID>urn:uuid:fc302564-8f30-44df-85bc-4e0a69818140</wsa5:MessageID>
		<wsa5:To SOAP-ENV:mustUnderstand="true">http://localhost:8000</wsa5:To>
		<wsa5:Action SOAP-ENV:mustUnderstand="true">http://Microsoft.Samples.DualHttp/ICalculatorDuplex/AddTo</wsa5:Action>
		<wsrm:Sequence>
			<wsrm:Identifier>urn:uuid:39350c4c-bda8-47a7-b7b6-c5d200000000</wsrm:Identifier>
			<wsrm:MessageNumber>1</wsrm:MessageNumber>
		</wsrm:Sequence>
		<wsrm:AckRequested>
			<wsrm:Identifier>urn:uuid:39350c4c-bda8-47a7-b7b6-c5d200000000</wsrm:Identifier>
		</wsrm:AckRequested>
	</SOAP-ENV:Header>
	<SOAP-ENV:Body>
		<mssadh:AddTo>
			<mssadh:n>3.1400000000000001</mssadh:n>
		</mssadh:AddTo>
	</SOAP-ENV:Body>
</SOAP-ENV:Envelope>
POST / HTTP/1.1
Host: localhost:8000
User-Agent: gSOAP/2.8
Content-Type: application/soap+xml; charset=utf-8; action="http://Microsoft.Samples.DualHttp/ICalculatorDuplex/SubtractFrom"
Content-Length: 1342
Connection: close
SOAPAction: "http://Microsoft.Samples.DualHttp/ICalculatorDuplex/SubtractFrom"

<?xml version="1.0" encoding="UTF-8"?>
<SOAP-ENV:Envelope xmlns:SOAP-ENV="http://www.w3.org/2003/05/soap-envelope" xmlns:SOAP-ENC="http://www.w3.org/2003/05/soap-encoding" xmlns:xsi="http://www.w3.org/2001/XMLSchema-instance" xmlns:xsd="http://www.w3.org/2001/XMLSchema" xmlns:tempuri="http://tempuri.org/" xmlns:mssadh="http://Microsoft.Samples.DualHttp" xmlns:chan="http://schemas.microsoft.com/ws/2005/02/duplex" xmlns:wsa5="http://www.w3.org/2005/08/addressing" xmlns:netrm="http://schemas.microsoft.com/ws/2006/05/rm" xmlns:wsrm="http://schemas.xmlsoap.org/ws/2005/02/rm">
	<SOAP-ENV:Header>
		<wsa5:MessageID>urn:uuid:4651659b-98a0-4f33-8eb8-07bb403eda6f</wsa5:MessageID>
		<wsa5:To SOAP-ENV:mustUnderstand="true">http://localhost:8000</wsa5:To>
		<wsa5:Action SOAP-ENV:mustUnderstand="true">http://Microsoft.Samples.DualHttp/ICalculatorDuplex/SubtractFrom</wsa5:Action>
		<wsrm:Sequence>
			<wsrm:Identifier>urn:uuid:39350c4c-bda8-47a7-b7b6-c5d200000000</wsrm:Identifier>
			<wsrm:MessageNumber>2</wsrm:MessageNumber>
		</wsrm:Sequence>
		<wsrm:AckRequested>
			<wsrm:Identifier>urn:uuid:39350c4c-bda8-47a7-b7b6-c5d200000000</wsrm:Identifier>
		</wsrm:AckRequested>
	</SOAP-ENV:Header>
	<SOAP-ENV:Body>
		<mssadh:SubtractFrom>
			<mssadh:n>1.4099999999999999</mssadh:n>
		</mssadh:SubtractFrom>
	</SOAP-ENV:Body>
</SOAP-ENV:Envelope>
HTTP/1.1 202 Accepted
Server: gSOAP/2.8
Content-Type: text/xml; charset=utf-8
Content-Length: 0
Connection: close

POST / HTTP/1.1
Host: localhost:8000
User-Agent: gSOAP/2.8
Content-Type: application/soap+xml; charset=utf-8; action="http://Microsoft.Samples.DualHttp/ICalculatorDuplex/Clear"
Content-Length: 1275
Connection: close
SOAPAction: "http://Microsoft.Samples.DualHttp/ICalculatorDuplex/Clear"

<?xml version="1.0" encoding="UTF-8"?>
<SOAP-ENV:Envelope xmlns:SOAP-ENV="http://www.w3.org/2003/05/soap-envelope" xmlns:SOAP-ENC="http://www.w3.org/2003/05/soap-encoding" xmlns:xsi="http://www.w3.org/2001/XMLSchema-instance" xmlns:xsd="http://www.w3.org/2001/XMLSchema" xmlns:tempuri="http://tempuri.org/" xmlns:mssadh="http://Microsoft.Samples.DualHttp" xmlns:chan="http://schemas.microsoft.com/ws/2005/02/duplex" xmlns:wsa5="http://www.w3.org/2005/08/addressing" xmlns:netrm="http://schemas.microsoft.com/ws/2006/05/rm" xmlns:wsrm="http://schemas.xmlsoap.org/ws/2005/02/rm">
	<SOAP-ENV:Header>
		<wsa5:MessageID>urn:uuid:c53f4d62-d318-4bd9-a7c6-7bf3954f1a8a</wsa5:MessageID>
		<wsa5:To SOAP-ENV:mustUnderstand="true">http://localhost:8000</wsa5:To>
		<wsa5:Action SOAP-ENV:mustUnderstand="true">http://Microsoft.Samples.DualHttp/ICalculatorDuplex/Clear</wsa5:Action>
		<wsrm:Sequence>
			<wsrm:Identifier>urn:uuid:39350c4c-bda8-47a7-b7b6-c5d200000000</wsrm:Identifier>
			<wsrm:MessageNumber>3</wsrm:MessageNumber>
		</wsrm:Sequence>
		<wsrm:AckRequested>
			<wsrm:Identifier>urn:uuid:39350c4c-bda8-47a7-b7b6-c5d200000000</wsrm:Identifier>
		</wsrm:AckRequested>
	</SOAP-ENV:Header>
	<SOAP-ENV:Body>
		<mssadh:Clear></mssadh:Clear>
	</SOAP-ENV:Body>
</SOAP-ENV:Envelope>
HTTP/1.1 202 Accepted
Server: gSOAP/2.8
Content-Type: text/xml; charset=utf-8
Content-Length: 0
Connection: close

POST / HTTP/1.1
Host: localhost:8000
User-Agent: gSOAP/2.8
Content-Type: application/soap+xml; charset=utf-8; action="http://schemas.xmlsoap.org/ws/2005/02/rm/LastMessage"
Content-Length: 1430
Connection: close
SOAPAction: "http://schemas.xmlsoap.org/ws/2005/02/rm/LastMessage"

<?xml version="1.0" encoding="UTF-8"?>
<SOAP-ENV:Envelope xmlns:SOAP-ENV="http://www.w3.org/2003/05/soap-envelope" xmlns:SOAP-ENC="http://www.w3.org/2003/05/soap-encoding" xmlns:xsi="http://www.w3.org/2001/XMLSchema-instance" xmlns:xsd="http://www.w3.org/2001/XMLSchema" xmlns:tempuri="http://tempuri.org/" xmlns:mssadh="http://Microsoft.Samples.DualHttp" xmlns:chan="http://schemas.microsoft.com/ws/2005/02/duplex" xmlns:wsa5="http://www.w3.org/2005/08/addressing" xmlns:netrm="http://schemas.microsoft.com/ws/2006/05/rm" xmlns:wsrm="http://schemas.xmlsoap.org/ws/2005/02/rm">
	<SOAP-ENV:Header>
		<wsa5:MessageID>urn:uuid:df58bc26-f8da-42cf-92c7-3fd1147eaaad</wsa5:MessageID>
		<wsa5:To SOAP-ENV:mustUnderstand="true">http://localhost:8000</wsa5:To>
		<wsa5:Action SOAP-ENV:mustUnderstand="true">http://schemas.xmlsoap.org/ws/2005/02/rm/LastMessage</wsa5:Action>
		<wsrm:Sequence>
			<wsrm:Identifier>urn:uuid:39350c4c-bda8-47a7-b7b6-c5d200000000</wsrm:Identifier>
			<wsrm:MessageNumber>4</wsrm:MessageNumber>
			<wsrm:LastMessage></wsrm:LastMessage>
		</wsrm:Sequence>
		<wsrm:SequenceAcknowledgement>
			<wsrm:Identifier>urn:uuid:f43e04b5-4323-42e2-bf72-4576a014f062</wsrm:Identifier>
			<wsrm:AcknowledgementRange Lower="1" Upper="1"></wsrm:AcknowledgementRange>
			<netrm:BufferRemaining>8</netrm:BufferRemaining>
		</wsrm:SequenceAcknowledgement>
	</SOAP-ENV:Header>
	<SOAP-ENV:Body></SOAP-ENV:Body>
</SOAP-ENV:Envelope>
HTTP/1.1 202 Accepted
Server: gSOAP/2.8
Content-Type: text/xml; charset=utf-8
Content-Length: 0
Connection: close

POST / HTTP/1.1
Host: localhost:8000
User-Agent: gSOAP/2.8
Content-Type: application/soap+xml; charset=utf-8; action="http://schemas.xmlsoap.org/ws/2005/02/rm/SequenceAcknowledgement"
Content-Length: 1293
Connection: close
SOAPAction: "http://schemas.xmlsoap.org/ws/2005/02/rm/SequenceAcknowledgement"

<?xml version="1.0" encoding="UTF-8"?>
<SOAP-ENV:Envelope xmlns:SOAP-ENV="http://www.w3.org/2003/05/soap-envelope" xmlns:SOAP-ENC="http://www.w3.org/2003/05/soap-encoding" xmlns:xsi="http://www.w3.org/2001/XMLSchema-instance" xmlns:xsd="http://www.w3.org/2001/XMLSchema" xmlns:tempuri="http://tempuri.org/" xmlns:mssadh="http://Microsoft.Samples.DualHttp" xmlns:chan="http://schemas.microsoft.com/ws/2005/02/duplex" xmlns:wsa5="http://www.w3.org/2005/08/addressing" xmlns:netrm="http://schemas.microsoft.com/ws/2006/05/rm" xmlns:wsrm="http://schemas.xmlsoap.org/ws/2005/02/rm">
	<SOAP-ENV:Header>
		<wsa5:FaultTo SOAP-ENV:mustUnderstand="true">
			<wsa5:Address>http://www.w3.org/2005/08/addressing/none</wsa5:Address>
		</wsa5:FaultTo>
		<wsa5:To SOAP-ENV:mustUnderstand="true">http://localhost:8000</wsa5:To>
		<wsa5:Action SOAP-ENV:mustUnderstand="true">http://schemas.xmlsoap.org/ws/2005/02/rm/SequenceAcknowledgement</wsa5:Action>
		<wsrm:SequenceAcknowledgement>
			<wsrm:Identifier>urn:uuid:f43e04b5-4323-42e2-bf72-4576a014f062</wsrm:Identifier>
			<wsrm:AcknowledgementRange Lower="1" Upper="1"></wsrm:AcknowledgementRange>
			<netrm:BufferRemaining>8</netrm:BufferRemaining>
		</wsrm:SequenceAcknowledgement>
	</SOAP-ENV:Header>
	<SOAP-ENV:Body></SOAP-ENV:Body>
</SOAP-ENV:Envelope>
HTTP/1.1 202 Accepted
Server: gSOAP/2.8
Content-Type: text/xml; charset=utf-8
Content-Length: 0
Connection: close

HTTP/1.1 202 Accepted
Server: gSOAP/2.8
Content-Type: text/xml; charset=utf-8
Content-Length: 0
Connection: close

POST / HTTP/1.1
Host: localhost:8000
User-Agent: gSOAP/2.8
Content-Type: application/soap+xml; charset=utf-8; action="http://schemas.xmlsoap.org/ws/2005/02/rm/SequenceAcknowledgement"
Content-Length: 1293
Connection: close
SOAPAction: "http://schemas.xmlsoap.org/ws/2005/02/rm/SequenceAcknowledgement"

<?xml version="1.0" encoding="UTF-8"?>
<SOAP-ENV:Envelope xmlns:SOAP-ENV="http://www.w3.org/2003/05/soap-envelope" xmlns:SOAP-ENC="http://www.w3.org/2003/05/soap-encoding" xmlns:xsi="http://www.w3.org/2001/XMLSchema-instance" xmlns:xsd="http://www.w3.org/2001/XMLSchema" xmlns:tempuri="http://tempuri.org/" xmlns:mssadh="http://Microsoft.Samples.DualHttp" xmlns:chan="http://schemas.microsoft.com/ws/2005/02/duplex" xmlns:wsa5="http://www.w3.org/2005/08/addressing" xmlns:netrm="http://schemas.microsoft.com/ws/2006/05/rm" xmlns:wsrm="http://schemas.xmlsoap.org/ws/2005/02/rm">
	<SOAP-ENV:Header>
		<wsa5:FaultTo SOAP-ENV:mustUnderstand="true">
			<wsa5:Address>http://www.w3.org/2005/08/addressing/none</wsa5:Address>
		</wsa5:FaultTo>
		<wsa5:To SOAP-ENV:mustUnderstand="true">http://localhost:8000</wsa5:To>
		<wsa5:Action SOAP-ENV:mustUnderstand="true">http://schemas.xmlsoap.org/ws/2005/02/rm/SequenceAcknowledgement</wsa5:Action>
		<wsrm:SequenceAcknowledgement>
			<wsrm:Identifier>urn:uuid:f43e04b5-4323-42e2-bf72-4576a014f062</wsrm:Identifier>
			<wsrm:AcknowledgementRange Lower="1" Upper="4"></wsrm:AcknowledgementRange>
			<netrm:BufferRemaining>8</netrm:BufferRemaining>
		</wsrm:SequenceAcknowledgement>
	</SOAP-ENV:Header>
	<SOAP-ENV:Body></SOAP-ENV:Body>
</SOAP-ENV:Envelope>
HTTP/1.1 202 Accepted
Server: gSOAP/2.8
Content-Type: text/xml; charset=utf-8
Content-Length: 0
Connection: close

POST / HTTP/1.1
Host: localhost:8000
User-Agent: gSOAP/2.8
Content-Type: application/soap+xml; charset=utf-8; action="http://schemas.xmlsoap.org/ws/2005/02/rm/TerminateSequence"
Content-Length: 1087
Connection: close
SOAPAction: "http://schemas.xmlsoap.org/ws/2005/02/rm/TerminateSequence"

<?xml version="1.0" encoding="UTF-8"?>
<SOAP-ENV:Envelope xmlns:SOAP-ENV="http://www.w3.org/2003/05/soap-envelope" xmlns:SOAP-ENC="http://www.w3.org/2003/05/soap-encoding" xmlns:xsi="http://www.w3.org/2001/XMLSchema-instance" xmlns:xsd="http://www.w3.org/2001/XMLSchema" xmlns:tempuri="http://tempuri.org/" xmlns:mssadh="http://Microsoft.Samples.DualHttp" xmlns:chan="http://schemas.microsoft.com/ws/2005/02/duplex" xmlns:wsa5="http://www.w3.org/2005/08/addressing" xmlns:netrm="http://schemas.microsoft.com/ws/2006/05/rm" xmlns:wsrm="http://schemas.xmlsoap.org/ws/2005/02/rm">
	<SOAP-ENV:Header>
		<wsa5:MessageID>urn:uuid:89a0106b-f980-4cc9-ada2-5b7db7a50e01</wsa5:MessageID>
		<wsa5:To SOAP-ENV:mustUnderstand="true">http://localhost:8000</wsa5:To>
		<wsa5:Action SOAP-ENV:mustUnderstand="true">http://schemas.xmlsoap.org/ws/2005/02/rm/TerminateSequence</wsa5:Action>
	</SOAP-ENV:Header>
	<SOAP-ENV:Body>
		<wsrm:TerminateSequence>
			<wsrm:Identifier>urn:uuid:39350c4c-bda8-47a7-b7b6-c5d200000000</wsrm:Identifier>
		</wsrm:TerminateSequence>
	</SOAP-ENV:Body>
</SOAP-ENV:Envelope>
HTTP/1.1 202 Accepted
Server: gSOAP/2.8
Content-Type: text/xml; charset=utf-8
Content-Length: 0
Connection: close

